<?xml version="1.0" encoding="UTF-8"?>
<!-- Generated by org.testng.reporters.JUnitReportReporter -->
<testsuite hostname="DESKTOP-DSB2DGP" failures="0" tests="1" name="testCases.TC_002_LoginTest" time="3.152" errors="0" timestamp="2024-08-16T06:57:42 IST" skipped="0">
  <testcase classname="testCases.TC_002_LoginTest" name="verify_login" time="3.152"/>
</testsuite> <!-- testCases.TC_002_LoginTest -->
