<?xml version="1.0" encoding="UTF-8"?>
<!-- Generated by org.testng.reporters.JUnitReportReporter -->
<testsuite hostname="DESKTOP-DSB2DGP" failures="0" tests="1" name="testCases.TC_001_AccountRegistrationTest" time="5.293" errors="0" timestamp="2024-08-16T06:57:42 IST" skipped="0">
  <testcase classname="testCases.TC_001_AccountRegistrationTest" name="verify_account_registration" time="5.293"/>
</testsuite> <!-- testCases.TC_001_AccountRegistrationTest -->
